[0.021s] Invoking command in '/home/edw/Documents/uwrt/software_challenge/build/software_training': CMAKE_PREFIX_PATH=/opt/ros/galactic CONDA_PROMPT_MODIFIER=(base) /usr/local/bin/cmake --build /home/edw/Documents/uwrt/software_challenge/build/software_training -- -j12 -l12
[0.042s] -- Found ament_cmake: 1.1.5 (/opt/ros/galactic/share/ament_cmake/cmake)
[0.080s] -- Using PYTHON_EXECUTABLE: /home/edw/anaconda3/bin/python3
[0.179s] -- Found rclcpp: 9.2.1 (/opt/ros/galactic/share/rclcpp/cmake)
[0.257s] -- Using all available rosidl_typesupport_c: rosidl_typesupport_fastrtps_c;rosidl_typesupport_introspection_c
[0.268s] -- Found rosidl_adapter: 2.2.2 (/opt/ros/galactic/share/rosidl_adapter/cmake)
[0.547s] -- Found OpenSSL: /usr/lib/x86_64-linux-gnu/libcrypto.so (found version "1.1.1f")  
[0.590s] -- Found FastRTPS: /opt/ros/galactic/include  
[0.698s] -- Using all available rosidl_typesupport_cpp: rosidl_typesupport_fastrtps_cpp;rosidl_typesupport_introspection_cpp
[0.786s] -- Found rmw_implementation_cmake: 3.3.1 (/opt/ros/galactic/share/rmw_implementation_cmake/cmake)
[0.792s] -- Found rmw_cyclonedds_cpp: 0.22.5 (/opt/ros/galactic/share/rmw_cyclonedds_cpp/cmake)
[0.820s] -- Using RMW implementation 'rmw_cyclonedds_cpp' as default
[0.823s] -- Performing Test CMAKE_HAVE_LIBC_PTHREAD
[0.971s] -- Performing Test CMAKE_HAVE_LIBC_PTHREAD - Failed
[0.971s] -- Looking for pthread_create in pthreads
[1.058s] -- Looking for pthread_create in pthreads - not found
[1.059s] -- Looking for pthread_create in pthread
[1.179s] -- Looking for pthread_create in pthread - found
[1.181s] -- Found Threads: TRUE  
[1.335s] -- Found rclcpp_components: 9.2.1 (/opt/ros/galactic/share/rclcpp_components/cmake)
[1.406s] -- Found turtlesim: 1.3.4 (/opt/ros/galactic/share/turtlesim/cmake)
[1.514s] -- Found geometry_msgs: 2.2.4 (/opt/ros/galactic/share/geometry_msgs/cmake)
[1.547s] -- Found rosidl_default_generators: 1.1.1 (/opt/ros/galactic/share/rosidl_default_generators/cmake)
[1.700s] -- Configuring done
[1.713s] -- Generating done
[1.715s] -- Build files have been written to: /home/edw/Documents/uwrt/software_challenge/build/software_training
[1.741s] [ 50%] [32mBuilding CXX object CMakeFiles/p1.dir/src/p1_clear.cpp.o[0m
[1.761s] [1m/home/edw/Documents/uwrt/software_challenge/src/software_training/src/p1_clear.cpp:1:10: [0m[0;1;31mfatal error: [0m[1m'include/software_training/p1_clear.hpp' file not found[0m
[1.761s] #include "include/software_training/p1_clear.hpp"
[1.761s] [0;1;32m         ^~~~~~~~~~~~~~~~~~~~~~~~~~~~~~~~~~~~~~~~
[1.762s] [0m1 error generated.
[1.763s] make[2]: *** [CMakeFiles/p1.dir/build.make:76: CMakeFiles/p1.dir/src/p1_clear.cpp.o] Error 1
[1.764s] make[1]: *** [CMakeFiles/Makefile2:137: CMakeFiles/p1.dir/all] Error 2
[1.764s] make: *** [Makefile:146: all] Error 2
[1.766s] Invoked command in '/home/edw/Documents/uwrt/software_challenge/build/software_training' returned '2': CMAKE_PREFIX_PATH=/opt/ros/galactic CONDA_PROMPT_MODIFIER=(base) /usr/local/bin/cmake --build /home/edw/Documents/uwrt/software_challenge/build/software_training -- -j12 -l12
